#
# There is insufficient memory for the Java Runtime Environment to continue.
# Native memory allocation (mmap) failed to map 49283072 bytes for G1 virtual space
# Possible reasons:
#   The system is out of physical RAM or swap space
#   The process is running with CompressedOops enabled, and the Java Heap may be blocking the growth of the native heap
# Possible solutions:
#   Reduce memory load on the system
#   Increase physical memory or swap space
#   Check if swap backing store is full
#   Decrease Java heap size (-Xmx/-Xms)
#   Decrease number of Java threads
#   Decrease Java thread stack sizes (-Xss)
#   Set larger code cache with -XX:ReservedCodeCacheSize=
#   JVM is running with Unscaled Compressed Oops mode in which the Java heap is
#     placed in the first 4GB address space. The Java Heap base address is the
#     maximum limit for the native heap growth. Please use -XX:HeapBaseMinAddress
#     to set the Java Heap base and to place the Java Heap above 4GB virtual address.
# This output file may be truncated or incomplete.
#
#  Out of Memory Error (os_windows.cpp:3769), pid=22196, tid=11276
#
# JRE version: OpenJDK Runtime Environment (17.0.6) (build 17.0.6+0-b2043.56-10027231)
# Java VM: OpenJDK 64-Bit Server VM (17.0.6+0-b2043.56-10027231, mixed mode, tiered, compressed oops, compressed class ptrs, g1 gc, windows-amd64)
# No core dump will be written. Minidumps are not enabled by default on client versions of Windows
#

---------------  S U M M A R Y ------------

Command Line: --add-opens=java.base/java.util=ALL-UNNAMED --add-opens=java.base/java.lang=ALL-UNNAMED --add-opens=java.base/java.lang.invoke=ALL-UNNAMED --add-opens=java.prefs/java.util.prefs=ALL-UNNAMED --add-opens=java.base/java.nio.charset=ALL-UNNAMED --add-opens=java.base/java.net=ALL-UNNAMED --add-opens=java.base/java.util.concurrent.atomic=ALL-UNNAMED -Xmx2048m -Dfile.encoding=UTF-8 -Duser.country=KR -Duser.language=ko -Duser.variant org.gradle.launcher.daemon.bootstrap.GradleDaemon 8.0

Host: 12th Gen Intel(R) Core(TM) i7-1260P, 16 cores, 15G,  Windows 11 , 64 bit Build 22621 (10.0.22621.2506)
Time: Mon Jan 15 18:38:14 2024  Windows 11 , 64 bit Build 22621 (10.0.22621.2506) elapsed time: 7.841421 seconds (0d 0h 0m 7s)

---------------  T H R E A D  ---------------

Current thread (0x00000267dd43ebd0):  VMThread "VM Thread" [stack: 0x000000a790d00000,0x000000a790e00000] [id=11276]

Stack: [0x000000a790d00000,0x000000a790e00000]
Native frames: (J=compiled Java code, j=interpreted, Vv=VM code, C=native code)
V  [jvm.dll+0x683c9a]
V  [jvm.dll+0x8427a4]
V  [jvm.dll+0x843f9e]
V  [jvm.dll+0x844603]
V  [jvm.dll+0x249b75]
V  [jvm.dll+0x680b69]
V  [jvm.dll+0x67505a]
V  [jvm.dll+0x309acb]
V  [jvm.dll+0x310f86]
V  [jvm.dll+0x3608ee]
V  [jvm.dll+0x360b1f]
V  [jvm.dll+0x2dfbf8]
V  [jvm.dll+0x2ddec4]
V  [jvm.dll+0x2dd4cc]
V  [jvm.dll+0x321f3b]
V  [jvm.dll+0x848ccb]
V  [jvm.dll+0x849a04]
V  [jvm.dll+0x849f1d]
V  [jvm.dll+0x84a2f4]
V  [jvm.dll+0x84a3c0]
V  [jvm.dll+0x7f274a]
V  [jvm.dll+0x682ad5]
C  [ucrtbase.dll+0x29363]
C  [KERNEL32.DLL+0x1257d]
C  [ntdll.dll+0x5aa58]

VM_Operation (0x000000a7929f25b0): G1CollectForAllocation, mode: safepoint, requested by thread 0x00000267dec80d30


---------------  P R O C E S S  ---------------

Threads class SMR info:
_java_thread_list=0x00000267e0ff2230, length=40, elements={
0x00000267c2a503a0, 0x00000267de0337e0, 0x00000267de0349a0, 0x00000267de09d550,
0x00000267de09e010, 0x00000267de0c67a0, 0x00000267de0c7150, 0x00000267de0cb330,
0x00000267de0d3d30, 0x00000267de0eced0, 0x00000267de24ae00, 0x00000267de253340,
0x00000267de267fd0, 0x00000267de284c70, 0x00000267dee0cad0, 0x00000267e06c2410,
0x00000267de7d8ae0, 0x00000267dfa85250, 0x00000267df5d5d00, 0x00000267df9f64e0,
0x00000267dec81ba0, 0x00000267dec80d30, 0x00000267dec83880, 0x00000267dec82540,
0x00000267dec81200, 0x00000267dec7fec0, 0x00000267dec80390, 0x00000267dec80860,
0x00000267dec816d0, 0x00000267dec82070, 0x00000267dec82ee0, 0x00000267dec82a10,
0x00000267e0853aa0, 0x00000267e0850a80, 0x00000267e0854440, 0x00000267e0850f50,
0x00000267e0851dc0, 0x00000267e0854910, 0x00000267e084e8d0, 0x00000267e365f480
}

Java Threads: ( => current thread )
  0x00000267c2a503a0 JavaThread "main" [_thread_blocked, id=17828, stack(0x000000a790700000,0x000000a790800000)]
  0x00000267de0337e0 JavaThread "Reference Handler" daemon [_thread_blocked, id=10336, stack(0x000000a790e00000,0x000000a790f00000)]
  0x00000267de0349a0 JavaThread "Finalizer" daemon [_thread_blocked, id=18352, stack(0x000000a790f00000,0x000000a791000000)]
  0x00000267de09d550 JavaThread "Signal Dispatcher" daemon [_thread_blocked, id=19580, stack(0x000000a791000000,0x000000a791100000)]
  0x00000267de09e010 JavaThread "Attach Listener" daemon [_thread_blocked, id=1524, stack(0x000000a791100000,0x000000a791200000)]
  0x00000267de0c67a0 JavaThread "Service Thread" daemon [_thread_blocked, id=17864, stack(0x000000a791200000,0x000000a791300000)]
  0x00000267de0c7150 JavaThread "Monitor Deflation Thread" daemon [_thread_blocked, id=21656, stack(0x000000a791300000,0x000000a791400000)]
  0x00000267de0cb330 JavaThread "C2 CompilerThread0" daemon [_thread_blocked, id=21424, stack(0x000000a791400000,0x000000a791500000)]
  0x00000267de0d3d30 JavaThread "C1 CompilerThread0" daemon [_thread_blocked, id=13856, stack(0x000000a791500000,0x000000a791600000)]
  0x00000267de0eced0 JavaThread "Sweeper thread" daemon [_thread_blocked, id=23268, stack(0x000000a791600000,0x000000a791700000)]
  0x00000267de24ae00 JavaThread "C1 CompilerThread1" daemon [_thread_blocked, id=12604, stack(0x000000a791700000,0x000000a791800000)]
  0x00000267de253340 JavaThread "C1 CompilerThread2" daemon [_thread_blocked, id=5544, stack(0x000000a791800000,0x000000a791900000)]
  0x00000267de267fd0 JavaThread "Common-Cleaner" daemon [_thread_blocked, id=8516, stack(0x000000a791900000,0x000000a791a00000)]
  0x00000267de284c70 JavaThread "Notification Thread" daemon [_thread_blocked, id=3100, stack(0x000000a791a00000,0x000000a791b00000)]
  0x00000267dee0cad0 JavaThread "C1 CompilerThread3" daemon [_thread_blocked, id=20312, stack(0x000000a791e00000,0x000000a791f00000)]
  0x00000267e06c2410 JavaThread "Daemon health stats" [_thread_blocked, id=8724, stack(0x000000a792400000,0x000000a792500000)]
  0x00000267de7d8ae0 JavaThread "Incoming local TCP Connector on port 52844" [_thread_in_native, id=8620, stack(0x000000a791d00000,0x000000a791e00000)]
  0x00000267dfa85250 JavaThread "Daemon periodic checks" [_thread_blocked, id=15672, stack(0x000000a792500000,0x000000a792600000)]
  0x00000267df5d5d00 JavaThread "Daemon" [_thread_blocked, id=5144, stack(0x000000a792600000,0x000000a792700000)]
  0x00000267df9f64e0 JavaThread "Handler for socket connection from /127.0.0.1:52844 to /127.0.0.1:52845" [_thread_in_native, id=5672, stack(0x000000a792700000,0x000000a792800000)]
  0x00000267dec81ba0 JavaThread "Cancel handler" [_thread_blocked, id=4548, stack(0x000000a792800000,0x000000a792900000)]
  0x00000267dec80d30 JavaThread "Daemon worker" [_thread_blocked, id=15180, stack(0x000000a792900000,0x000000a792a00000)]
  0x00000267dec83880 JavaThread "Asynchronous log dispatcher for DefaultDaemonConnection: socket connection from /127.0.0.1:52844 to /127.0.0.1:52845" [_thread_blocked, id=7960, stack(0x000000a792a00000,0x000000a792b00000)]
  0x00000267dec82540 JavaThread "Stdin handler" [_thread_blocked, id=5060, stack(0x000000a792b00000,0x000000a792c00000)]
  0x00000267dec81200 JavaThread "Daemon client event forwarder" [_thread_blocked, id=9004, stack(0x000000a792c00000,0x000000a792d00000)]
  0x00000267dec7fec0 JavaThread "Cache worker for journal cache (C:\Users\shjin\.gradle\caches\journal-1)" [_thread_blocked, id=21564, stack(0x000000a793600000,0x000000a793700000)]
  0x00000267dec80390 JavaThread "File lock request listener" [_thread_in_native, id=6040, stack(0x000000a793700000,0x000000a793800000)]
  0x00000267dec80860 JavaThread "Cache worker for file hash cache (C:\Users\shjin\.gradle\caches\8.0\fileHashes)" [_thread_blocked, id=22324, stack(0x000000a793800000,0x000000a793900000)]
  0x00000267dec816d0 JavaThread "File watcher server" daemon [_thread_in_native, id=2468, stack(0x000000a793a00000,0x000000a793b00000)]
  0x00000267dec82070 JavaThread "File watcher consumer" daemon [_thread_blocked, id=22632, stack(0x000000a793b00000,0x000000a793c00000)]
  0x00000267dec82ee0 JavaThread "Cache worker for checksums cache (C:\Users\shjin\AndroidStudioProjects\Android\.gradle\8.0\checksums)" [_thread_blocked, id=1760, stack(0x000000a793900000,0x000000a793a00000)]
  0x00000267dec82a10 JavaThread "Cache worker for cache directory md-rule (C:\Users\shjin\.gradle\caches\8.0\md-rule)" [_thread_blocked, id=23300, stack(0x000000a793c00000,0x000000a793d00000)]
  0x00000267e0853aa0 JavaThread "Cache worker for file content cache (C:\Users\shjin\.gradle\caches\8.0\fileContent)" [_thread_blocked, id=5204, stack(0x000000a793d00000,0x000000a793e00000)]
  0x00000267e0850a80 JavaThread "Cache worker for file hash cache (C:\Users\shjin\AndroidStudioProjects\Android\.gradle\8.0\fileHashes)" [_thread_blocked, id=4732, stack(0x000000a793e00000,0x000000a793f00000)]
  0x00000267e0854440 JavaThread "Cache worker for cache directory md-supplier (C:\Users\shjin\.gradle\caches\8.0\md-supplier)" [_thread_blocked, id=21024, stack(0x000000a793f00000,0x000000a794000000)]
  0x00000267e0850f50 JavaThread "Cache worker for execution history cache (C:\Users\shjin\.gradle\caches\8.0\executionHistory)" [_thread_blocked, id=14032, stack(0x000000a794000000,0x000000a794100000)]
  0x00000267e0851dc0 JavaThread "jar transforms" [_thread_blocked, id=13468, stack(0x000000a794100000,0x000000a794200000)]
  0x00000267e0854910 JavaThread "jar transforms Thread 2" [_thread_blocked, id=8292, stack(0x000000a794300000,0x000000a794400000)]
  0x00000267e084e8d0 JavaThread "Cache worker for kotlin-dsl (C:\Users\shjin\.gradle\caches\8.0\kotlin-dsl)" [_thread_blocked, id=22716, stack(0x000000a794700000,0x000000a794800000)]
  0x00000267e365f480 JavaThread "C2 CompilerThread1" daemon [_thread_blocked, id=7452, stack(0x000000a791c00000,0x000000a791d00000)]

Other Threads:
=>0x00000267dd43ebd0 VMThread "VM Thread" [stack: 0x000000a790d00000,0x000000a790e00000] [id=11276]
  0x00000267c2ad0e40 WatcherThread [stack: 0x000000a791b00000,0x000000a791c00000] [id=2704]
  0x00000267c2aac400 GCTaskThread "GC Thread#0" [stack: 0x000000a790800000,0x000000a790900000] [id=21804]
  0x00000267df246d10 GCTaskThread "GC Thread#1" [stack: 0x000000a791f00000,0x000000a792000000] [id=4788]
  0x00000267df246fc0 GCTaskThread "GC Thread#2" [stack: 0x000000a792000000,0x000000a792100000] [id=20980]
  0x00000267debd36e0 GCTaskThread "GC Thread#3" [stack: 0x000000a792100000,0x000000a792200000] [id=15376]
  0x00000267debd4130 GCTaskThread "GC Thread#4" [stack: 0x000000a792200000,0x000000a792300000] [id=16696]
  0x00000267df7105a0 GCTaskThread "GC Thread#5" [stack: 0x000000a792300000,0x000000a792400000] [id=21620]
  0x00000267e05f2310 GCTaskThread "GC Thread#6" [stack: 0x000000a792d00000,0x000000a792e00000] [id=11064]
  0x00000267df8806b0 GCTaskThread "GC Thread#7" [stack: 0x000000a792e00000,0x000000a792f00000] [id=8908]
  0x00000267e0d1f030 GCTaskThread "GC Thread#8" [stack: 0x000000a792f00000,0x000000a793000000] [id=9460]
  0x00000267e1513810 GCTaskThread "GC Thread#9" [stack: 0x000000a793000000,0x000000a793100000] [id=18124]
  0x00000267e042fd50 GCTaskThread "GC Thread#10" [stack: 0x000000a793100000,0x000000a793200000] [id=14224]
  0x00000267e13407a0 GCTaskThread "GC Thread#11" [stack: 0x000000a793200000,0x000000a793300000] [id=8992]
  0x00000267e0719890 GCTaskThread "GC Thread#12" [stack: 0x000000a793300000,0x000000a793400000] [id=16400]
  0x00000267c2abd340 ConcurrentGCThread "G1 Main Marker" [stack: 0x000000a790900000,0x000000a790a00000] [id=8244]
  0x00000267c2ac0500 ConcurrentGCThread "G1 Conc#0" [stack: 0x000000a790a00000,0x000000a790b00000] [id=15468]
  0x00000267e07195e0 ConcurrentGCThread "G1 Conc#1" [stack: 0x000000a793400000,0x000000a793500000] [id=4068]
  0x00000267e0719330 ConcurrentGCThread "G1 Conc#2" [stack: 0x000000a793500000,0x000000a793600000] [id=21316]
  0x00000267dd2e45e0 ConcurrentGCThread "G1 Refine#0" [stack: 0x000000a790b00000,0x000000a790c00000] [id=21996]
  0x00000267e08430a0 ConcurrentGCThread "G1 Refine#1" [stack: 0x000000a794a00000,0x000000a794b00000] [id=15948]
  0x00000267e08441e0 ConcurrentGCThread "G1 Refine#2" [stack: 0x000000a794b00000,0x000000a794c00000] [id=4272]
  0x00000267e08444c0 ConcurrentGCThread "G1 Refine#3" [stack: 0x000000a794c00000,0x000000a794d00000] [id=15748]
  0x00000267dd2e4cb0 ConcurrentGCThread "G1 Service" [stack: 0x000000a790c00000,0x000000a790d00000] [id=18556]

Threads with active compile tasks:
C2 CompilerThread0     7867 5952       4       java.util.regex.Pattern::split (288 bytes)

VM state: at safepoint (normal execution)

VM Mutex/Monitor currently owned by a thread:  ([mutex/lock_event])
[0x00000267c2a4c470] Threads_lock - owner thread: 0x00000267dd43ebd0
[0x00000267c2a4abb0] Heap_lock - owner thread: 0x00000267dec80d30

Heap address: 0x0000000080000000, size: 2048 MB, Compressed Oops mode: 32-bit

CDS archive(s) not mapped
Compressed class space mapped at: 0x0000000100000000-0x0000000140000000, reserved size: 1073741824
Narrow klass base: 0x0000000000000000, Narrow klass shift: 3, Narrow klass range: 0x140000000

GC Precious Log:
 CPUs: 16 total, 16 available
 Memory: 16010M
 Large Page Support: Disabled
 NUMA Support: Disabled
 Compressed Oops: Enabled (32-bit)
 Heap Region Size: 1M
 Heap Min Capacity: 8M
 Heap Initial Capacity: 252M
 Heap Max Capacity: 2G
 Pre-touch: Disabled
 Parallel Workers: 13
 Concurrent Workers: 3
 Concurrent Refinement Workers: 13
 Periodic GC: Disabled

Heap:
 garbage-first heap   total 128000K, used 65601K [0x0000000080000000, 0x0000000100000000)
  region size 1024K, 1 young (1024K), 1 survivors (1024K)
 Metaspace       used 81033K, committed 81536K, reserved 1122304K
  class space    used 10633K, committed 10880K, reserved 1048576K

Heap Regions: E=young(eden), S=young(survivor), O=old, HS=humongous(starts), HC=humongous(continues), CS=collection set, F=free, OA=open archive, CA=closed archive, TAMS=top-at-mark-start (previous, next)
|   0|0x0000000080000000, 0x0000000080100000, 0x0000000080100000|100%|HS|  |TAMS 0x0000000080100000, 0x0000000080000000| Complete 
|   1|0x0000000080100000, 0x0000000080200000, 0x0000000080200000|100%|HC|  |TAMS 0x0000000080200000, 0x0000000080100000| Complete 
|   2|0x0000000080200000, 0x0000000080300000, 0x0000000080300000|100%|HC|  |TAMS 0x0000000080300000, 0x0000000080200000| Complete 
|   3|0x0000000080300000, 0x0000000080400000, 0x0000000080400000|100%|HC|  |TAMS 0x0000000080400000, 0x0000000080300000| Complete 
|   4|0x0000000080400000, 0x0000000080500000, 0x0000000080500000|100%| O|  |TAMS 0x0000000080500000, 0x0000000080400000| Untracked 
|   5|0x0000000080500000, 0x0000000080600000, 0x0000000080600000|100%| O|  |TAMS 0x0000000080600000, 0x0000000080500000| Untracked 
|   6|0x0000000080600000, 0x0000000080700000, 0x0000000080700000|100%| O|  |TAMS 0x0000000080700000, 0x0000000080600000| Untracked 
|   7|0x0000000080700000, 0x0000000080800000, 0x0000000080800000|100%| O|  |TAMS 0x0000000080800000, 0x0000000080700000| Untracked 
|   8|0x0000000080800000, 0x0000000080900000, 0x0000000080900000|100%| O|  |TAMS 0x0000000080900000, 0x0000000080800000| Untracked 
|   9|0x0000000080900000, 0x0000000080a00000, 0x0000000080a00000|100%| O|  |TAMS 0x0000000080a00000, 0x0000000080900000| Untracked 
|  10|0x0000000080a00000, 0x0000000080afd200, 0x0000000080b00000| 98%| O|  |TAMS 0x0000000080afd200, 0x0000000080a00000| Untracked 
|  11|0x0000000080b00000, 0x0000000080c00000, 0x0000000080c00000|100%| O|  |TAMS 0x0000000080c00000, 0x0000000080b00000| Untracked 
|  12|0x0000000080c00000, 0x0000000080d00000, 0x0000000080d00000|100%| O|  |TAMS 0x0000000080d00000, 0x0000000080c00000| Untracked 
|  13|0x0000000080d00000, 0x0000000080e00000, 0x0000000080e00000|100%| O|  |TAMS 0x0000000080e00000, 0x0000000080d00000| Untracked 
|  14|0x0000000080e00000, 0x0000000080f00000, 0x0000000080f00000|100%| O|  |TAMS 0x0000000080f00000, 0x0000000080e00000| Untracked 
|  15|0x0000000080f00000, 0x0000000081000000, 0x0000000081000000|100%| O|  |TAMS 0x0000000081000000, 0x0000000080f00000| Untracked 
|  16|0x0000000081000000, 0x0000000081100000, 0x0000000081100000|100%| O|  |TAMS 0x0000000081100000, 0x0000000081000000| Untracked 
|  17|0x0000000081100000, 0x0000000081200000, 0x0000000081200000|100%| O|  |TAMS 0x0000000081200000, 0x0000000081100000| Untracked 
|  18|0x0000000081200000, 0x0000000081300000, 0x0000000081300000|100%| O|  |TAMS 0x0000000081300000, 0x0000000081200000| Untracked 
|  19|0x0000000081300000, 0x0000000081400000, 0x0000000081400000|100%| O|  |TAMS 0x0000000081400000, 0x0000000081300000| Untracked 
|  20|0x0000000081400000, 0x0000000081500000, 0x0000000081500000|100%| O|  |TAMS 0x0000000081500000, 0x0000000081400000| Untracked 
|  21|0x0000000081500000, 0x0000000081600000, 0x0000000081600000|100%| O|  |TAMS 0x0000000081600000, 0x0000000081500000| Untracked 
|  22|0x0000000081600000, 0x0000000081700000, 0x0000000081700000|100%| O|  |TAMS 0x0000000081700000, 0x0000000081600000| Untracked 
|  23|0x0000000081700000, 0x0000000081800000, 0x0000000081800000|100%| O|  |TAMS 0x0000000081800000, 0x0000000081700000| Untracked 
|  24|0x0000000081800000, 0x0000000081900000, 0x0000000081900000|100%| O|  |TAMS 0x0000000081900000, 0x0000000081800000| Untracked 
|  25|0x0000000081900000, 0x0000000081a00000, 0x0000000081a00000|100%| O|  |TAMS 0x0000000081a00000, 0x0000000081900000| Untracked 
|  26|0x0000000081a00000, 0x0000000081b00000, 0x0000000081b00000|100%| O|  |TAMS 0x0000000081b00000, 0x0000000081a00000| Untracked 
|  27|0x0000000081b00000, 0x0000000081c00000, 0x0000000081c00000|100%| O|  |TAMS 0x0000000081c00000, 0x0000000081b00000| Untracked 
|  28|0x0000000081c00000, 0x0000000081d00000, 0x0000000081d00000|100%| O|  |TAMS 0x0000000081d00000, 0x0000000081c00000| Untracked 
|  29|0x0000000081d00000, 0x0000000081e00000, 0x0000000081e00000|100%| O|  |TAMS 0x0000000081e00000, 0x0000000081d00000| Untracked 
|  30|0x0000000081e00000, 0x0000000081f00000, 0x0000000081f00000|100%|HS|  |TAMS 0x0000000081f00000, 0x0000000081e00000| Complete 
|  31|0x0000000081f00000, 0x0000000082000000, 0x0000000082000000|100%|HC|  |TAMS 0x0000000082000000, 0x0000000081f00000| Complete 
|  32|0x0000000082000000, 0x0000000082100000, 0x0000000082100000|100%|HC|  |TAMS 0x0000000082100000, 0x0000000082000000| Complete 
|  33|0x0000000082100000, 0x0000000082200000, 0x0000000082200000|100%|HC|  |TAMS 0x0000000082200000, 0x0000000082100000| Complete 
|  34|0x0000000082200000, 0x0000000082300000, 0x0000000082300000|100%| O|  |TAMS 0x0000000082300000, 0x0000000082200000| Untracked 
|  35|0x0000000082300000, 0x0000000082400000, 0x0000000082400000|100%| O|  |TAMS 0x0000000082300000, 0x0000000082300000| Untracked 
|  36|0x0000000082400000, 0x0000000082500000, 0x0000000082500000|100%| O|  |TAMS 0x0000000082500000, 0x0000000082400000| Untracked 
|  37|0x0000000082500000, 0x0000000082500000, 0x0000000082600000|  0%| F|  |TAMS 0x0000000082500000, 0x0000000082500000| Untracked 
|  38|0x0000000082600000, 0x0000000082700000, 0x0000000082700000|100%| O|  |TAMS 0x0000000082700000, 0x0000000082600000| Untracked 
|  39|0x0000000082700000, 0x0000000082800000, 0x0000000082800000|100%| O|  |TAMS 0x0000000082800000, 0x0000000082700000| Untracked 
|  40|0x0000000082800000, 0x0000000082900000, 0x0000000082900000|100%| O|  |TAMS 0x0000000082900000, 0x0000000082800000| Untracked 
|  41|0x0000000082900000, 0x0000000082a00000, 0x0000000082a00000|100%| O|  |TAMS 0x0000000082a00000, 0x0000000082900000| Untracked 
|  42|0x0000000082a00000, 0x0000000082b00000, 0x0000000082b00000|100%| O|  |TAMS 0x0000000082b00000, 0x0000000082a00000| Untracked 
|  43|0x0000000082b00000, 0x0000000082c00000, 0x0000000082c00000|100%| O|  |TAMS 0x0000000082c00000, 0x0000000082b00000| Untracked 
|  44|0x0000000082c00000, 0x0000000082d00000, 0x0000000082d00000|100%| O|  |TAMS 0x0000000082d00000, 0x0000000082c00000| Untracked 
|  45|0x0000000082d00000, 0x0000000082e00000, 0x0000000082e00000|100%| O|  |TAMS 0x0000000082e00000, 0x0000000082d00000| Untracked 
|  46|0x0000000082e00000, 0x0000000082f00000, 0x0000000082f00000|100%| O|  |TAMS 0x0000000082f00000, 0x0000000082e00000| Untracked 
|  47|0x0000000082f00000, 0x0000000083000000, 0x0000000083000000|100%| O|  |TAMS 0x0000000083000000, 0x0000000082f00000| Untracked 
|  48|0x0000000083000000, 0x0000000083100000, 0x0000000083100000|100%| O|  |TAMS 0x0000000083100000, 0x0000000083000000| Untracked 
|  49|0x0000000083100000, 0x0000000083200000, 0x0000000083200000|100%| O|  |TAMS 0x0000000083200000, 0x0000000083100000| Untracked 
|  50|0x0000000083200000, 0x0000000083300000, 0x0000000083300000|100%| O|  |TAMS 0x0000000083300000, 0x0000000083200000| Untracked 
|  51|0x0000000083300000, 0x0000000083400000, 0x0000000083400000|100%| O|  |TAMS 0x0000000083400000, 0x0000000083300000| Untracked 
|  52|0x0000000083400000, 0x0000000083500000, 0x0000000083500000|100%| O|  |TAMS 0x0000000083500000, 0x0000000083400000| Untracked 
|  53|0x0000000083500000, 0x0000000083600000, 0x0000000083600000|100%| O|  |TAMS 0x0000000083600000, 0x0000000083500000| Untracked 
|  54|0x0000000083600000, 0x0000000083700000, 0x0000000083700000|100%|HS|  |TAMS 0x0000000083700000, 0x0000000083600000| Complete 
|  55|0x0000000083700000, 0x0000000083800000, 0x0000000083800000|100%|HC|  |TAMS 0x0000000083800000, 0x0000000083700000| Complete 
|  56|0x0000000083800000, 0x0000000083900000, 0x0000000083900000|100%|HC|  |TAMS 0x0000000083900000, 0x0000000083800000| Complete 
|  57|0x0000000083900000, 0x0000000083a00000, 0x0000000083a00000|100%|HC|  |TAMS 0x0000000083a00000, 0x0000000083900000| Complete 
|  58|0x0000000083a00000, 0x0000000083b00000, 0x0000000083b00000|100%|HC|  |TAMS 0x0000000083b00000, 0x0000000083a00000| Complete 
|  59|0x0000000083b00000, 0x0000000083c00000, 0x0000000083c00000|100%|HC|  |TAMS 0x0000000083c00000, 0x0000000083b00000| Complete 
|  60|0x0000000083c00000, 0x0000000083d00000, 0x0000000083d00000|100%| O|  |TAMS 0x0000000083d00000, 0x0000000083c00000| Untracked 
|  61|0x0000000083d00000, 0x0000000083e00000, 0x0000000083e00000|100%| O|  |TAMS 0x0000000083db2a08, 0x0000000083d00000| Untracked 
|  62|0x0000000083e00000, 0x0000000083f00000, 0x0000000083f00000|100%| O|  |TAMS 0x0000000083e00000, 0x0000000083e00000| Untracked 
|  63|0x0000000083f00000, 0x0000000084000000, 0x0000000084000000|100%| O|  |TAMS 0x0000000083f00000, 0x0000000083f00000| Untracked 
|  64|0x0000000084000000, 0x00000000840aee00, 0x0000000084100000| 68%| O|  |TAMS 0x0000000084000000, 0x0000000084000000| Untracked 
|  65|0x0000000084100000, 0x0000000084100000, 0x0000000084200000|  0%| F|  |TAMS 0x0000000084100000, 0x0000000084100000| Untracked 
|  66|0x0000000084200000, 0x0000000084200000, 0x0000000084300000|  0%| F|  |TAMS 0x0000000084200000, 0x0000000084200000| Untracked 
|  67|0x0000000084300000, 0x0000000084300000, 0x0000000084400000|  0%| F|  |TAMS 0x0000000084300000, 0x0000000084300000| Untracked 
|  68|0x0000000084400000, 0x0000000084400000, 0x0000000084500000|  0%| F|  |TAMS 0x0000000084400000, 0x0000000084400000| Untracked 
|  69|0x0000000084500000, 0x0000000084500000, 0x0000000084600000|  0%| F|  |TAMS 0x0000000084500000, 0x0000000084500000| Untracked 
|  70|0x0000000084600000, 0x0000000084600000, 0x0000000084700000|  0%| F|  |TAMS 0x0000000084600000, 0x0000000084600000| Untracked 
|  71|0x0000000084700000, 0x0000000084700000, 0x0000000084800000|  0%| F|  |TAMS 0x0000000084700000, 0x0000000084700000| Untracked 
|  72|0x0000000084800000, 0x0000000084800000, 0x0000000084900000|  0%| F|  |TAMS 0x0000000084800000, 0x0000000084800000| Untracked 
|  73|0x0000000084900000, 0x0000000084900000, 0x0000000084a00000|  0%| F|  |TAMS 0x0000000084900000, 0x0000000084900000| Untracked 
|  74|0x0000000084a00000, 0x0000000084a00000, 0x0000000084b00000|  0%| F|  |TAMS 0x0000000084a00000, 0x0000000084a00000| Untracked 
|  75|0x0000000084b00000, 0x0000000084b00000, 0x0000000084c00000|  0%| F|  |TAMS 0x0000000084b00000, 0x0000000084b00000| Untracked 
|  76|0x0000000084c00000, 0x0000000084c00000, 0x0000000084d00000|  0%| F|  |TAMS 0x0000000084c00000, 0x0000000084c00000| Untracked 
|  77|0x0000000084d00000, 0x0000000084d00000, 0x0000000084e00000|  0%| F|  |TAMS 0x0000000084d00000, 0x0000000084d00000| Untracked 
|  78|0x0000000084e00000, 0x0000000084e00000, 0x0000000084f00000|  0%| F|  |TAMS 0x0000000084e00000, 0x0000000084e00000| Untracked 
|  79|0x0000000084f00000, 0x0000000084f00000, 0x0000000085000000|  0%| F|  |TAMS 0x0000000084f00000, 0x0000000084f00000| Untracked 
|  80|0x0000000085000000, 0x0000000085000000, 0x0000000085100000|  0%| F|  |TAMS 0x0000000085000000, 0x0000000085000000| Untracked 
|  81|0x0000000085100000, 0x0000000085100000, 0x0000000085200000|  0%| F|  |TAMS 0x0000000085100000, 0x0000000085100000| Untracked 
|  82|0x0000000085200000, 0x0000000085200000, 0x0000000085300000|  0%| F|  |TAMS 0x0000000085200000, 0x0000000085200000| Untracked 
|  83|0x0000000085300000, 0x0000000085300000, 0x0000000085400000|  0%| F|  |TAMS 0x0000000085300000, 0x0000000085300000| Untracked 
|  84|0x0000000085400000, 0x0000000085400000, 0x0000000085500000|  0%| F|  |TAMS 0x0000000085400000, 0x0000000085400000| Untracked 
|  85|0x0000000085500000, 0x0000000085500000, 0x0000000085600000|  0%| F|  |TAMS 0x0000000085500000, 0x0000000085500000| Untracked 
|  86|0x0000000085600000, 0x0000000085600000, 0x0000000085700000|  0%| F|  |TAMS 0x0000000085600000, 0x0000000085600000| Untracked 
|  87|0x0000000085700000, 0x0000000085700000, 0x0000000085800000|  0%| F|  |TAMS 0x0000000085700000, 0x0000000085700000| Untracked 
|  88|0x0000000085800000, 0x0000000085800000, 0x0000000085900000|  0%| F|  |TAMS 0x0000000085800000, 0x0000000085800000| Untracked 
|  89|0x0000000085900000, 0x0000000085900000, 0x0000000085a00000|  0%| F|  |TAMS 0x0000000085900000, 0x0000000085900000| Untracked 
|  90|0x0000000085a00000, 0x0000000085a00000, 0x0000000085b00000|  0%| F|  |TAMS 0x0000000085a00000, 0x0000000085a00000| Untracked 
|  91|0x0000000085b00000, 0x0000000085b00000, 0x0000000085c00000|  0%| F|  |TAMS 0x0000000085b00000, 0x0000000085b00000| Untracked 
|  92|0x0000000085c00000, 0x0000000085c00000, 0x0000000085d00000|  0%| F|  |TAMS 0x0000000085c00000, 0x0000000085c00000| Untracked 
|  93|0x0000000085d00000, 0x0000000085d00000, 0x0000000085e00000|  0%| F|  |TAMS 0x0000000085d00000, 0x0000000085d00000| Untracked 
|  94|0x0000000085e00000, 0x0000000085e00000, 0x0000000085f00000|  0%| F|  |TAMS 0x0000000085e00000, 0x0000000085e00000| Untracked 
|  95|0x0000000085f00000, 0x0000000085f00000, 0x0000000086000000|  0%| F|  |TAMS 0x0000000085f00000, 0x0000000085f00000| Untracked 
|  96|0x0000000086000000, 0x0000000086000000, 0x0000000086100000|  0%| F|  |TAMS 0x0000000086000000, 0x0000000086000000| Untracked 
|  97|0x0000000086100000, 0x0000000086100000, 0x0000000086200000|  0%| F|  |TAMS 0x0000000086100000, 0x0000000086100000| Untracked 
|  98|0x0000000086200000, 0x0000000086200000, 0x0000000086300000|  0%| F|  |TAMS 0x0000000086200000, 0x0000000086200000| Untracked 
|  99|0x0000000086300000, 0x0000000086300000, 0x0000000086400000|  0%| F|  |TAMS 0x0000000086300000, 0x0000000086300000| Untracked 
| 100|0x0000000086400000, 0x0000000086400000, 0x0000000086500000|  0%| F|  |TAMS 0x0000000086400000, 0x0000000086400000| Untracked 
| 101|0x0000000086500000, 0x0000000086500000, 0x0000000086600000|  0%| F|  |TAMS 0x0000000086500000, 0x0000000086500000| Untracked 
| 102|0x0000000086600000, 0x0000000086600000, 0x0000000086700000|  0%| F|  |TAMS 0x0000000086600000, 0x0000000086600000| Untracked 
| 103|0x0000000086700000, 0x0000000086700000, 0x0000000086800000|  0%| F|  |TAMS 0x0000000086700000, 0x0000000086700000| Untracked 
| 104|0x0000000086800000, 0x0000000086800000, 0x0000000086900000|  0%| F|  |TAMS 0x0000000086800000, 0x0000000086800000| Untracked 
| 105|0x0000000086900000, 0x0000000086900000, 0x0000000086a00000|  0%| F|  |TAMS 0x0000000086900000, 0x0000000086900000| Untracked 
| 106|0x0000000086a00000, 0x0000000086a00000, 0x0000000086b00000|  0%| F|  |TAMS 0x0000000086a00000, 0x0000000086a00000| Untracked 
| 107|0x0000000086b00000, 0x0000000086b00000, 0x0000000086c00000|  0%| F|  |TAMS 0x0000000086b00000, 0x0000000086b00000| Untracked 
| 108|0x0000000086c00000, 0x0000000086c00000, 0x0000000086d00000|  0%| F|  |TAMS 0x0000000086c00000, 0x0000000086c00000| Untracked 
| 109|0x0000000086d00000, 0x0000000086d00000, 0x0000000086e00000|  0%| F|  |TAMS 0x0000000086d00000, 0x0000000086d00000| Untracked 
| 110|0x0000000086e00000, 0x0000000086e00000, 0x0000000086f00000|  0%| F|  |TAMS 0x0000000086e00000, 0x0000000086e00000| Untracked 
| 111|0x0000000086f00000, 0x0000000086f00000, 0x0000000087000000|  0%| F|  |TAMS 0x0000000086f00000, 0x0000000086f00000| Untracked 
| 112|0x0000000087000000, 0x0000000087000000, 0x0000000087100000|  0%| F|  |TAMS 0x0000000087000000, 0x0000000087000000| Untracked 
| 113|0x0000000087100000, 0x0000000087100000, 0x0000000087200000|  0%| F|  |TAMS 0x0000000087100000, 0x0000000087100000| Untracked 
| 114|0x0000000087200000, 0x0000000087200000, 0x0000000087300000|  0%| F|  |TAMS 0x0000000087200000, 0x0000000087200000| Untracked 
| 115|0x0000000087300000, 0x0000000087300000, 0x0000000087400000|  0%| F|  |TAMS 0x0000000087300000, 0x0000000087300000| Untracked 
| 198|0x000000008c600000, 0x000000008c600000, 0x000000008c700000|  0%| F|  |TAMS 0x000000008c600000, 0x000000008c600000| Untracked 
| 199|0x000000008c700000, 0x000000008c700000, 0x000000008c800000|  0%| F|  |TAMS 0x000000008c700000, 0x000000008c700000| Untracked 
| 200|0x000000008c800000, 0x000000008c800000, 0x000000008c900000|  0%| F|  |TAMS 0x000000008c800000, 0x000000008c800000| Untracked 
| 201|0x000000008c900000, 0x000000008c900000, 0x000000008ca00000|  0%| F|  |TAMS 0x000000008c900000, 0x000000008c900000| Untracked 
| 202|0x000000008ca00000, 0x000000008ca00000, 0x000000008cb00000|  0%| F|  |TAMS 0x000000008ca00000, 0x000000008ca00000| Untracked 
| 203|0x000000008cb00000, 0x000000008cb00000, 0x000000008cc00000|  0%| F|  |TAMS 0x000000008cb00000, 0x000000008cb00000| Untracked 
| 204|0x000000008cc00000, 0x000000008cc64540, 0x000000008cd00000| 39%| S|CS|TAMS 0x000000008cc00000, 0x000000008cc00000| Complete 
| 205|0x000000008cd00000, 0x000000008cd00000, 0x000000008ce00000|  0%| F|  |TAMS 0x000000008cd00000, 0x000000008cd00000| Untracked 
| 251|0x000000008fb00000, 0x000000008fb00000, 0x000000008fc00000|  0%| F|  |TAMS 0x000000008fb00000, 0x000000008fb00000| Untracked 

Card table byte_map: [0x00000267d5ba0000,0x00000267d5fa0000] _byte_map_base: 0x00000267d57a0000

Marking Bits (Prev, Next): (CMBitMap*) 0x00000267c2aaca10, (CMBitMap*) 0x00000267c2aaca50
 Prev Bits: [0x00000267d63a0000, 0x00000267d83a0000)
 Next Bits: [0x00000267d83a0000, 0x00000267da3a0000)

Polling page: 0x00000267c0970000

Metaspace:

Usage:
  Non-class:     68.75 MB used.
      Class:     10.38 MB used.
       Both:     79.13 MB used.

Virtual space:
  Non-class space:       72.00 MB reserved,      69.00 MB ( 96%) committed,  9 nodes.
      Class space:        1.00 GB reserved,      10.62 MB (  1%) committed,  1 nodes.
             Both:        1.07 GB reserved,      79.62 MB (  7%) committed. 

Chunk freelists:
   Non-Class:  2.53 MB
       Class:  1.42 MB
        Both:  3.95 MB

MaxMetaspaceSize: unlimited
CompressedClassSpaceSize: 1.00 GB
Initial GC threshold: 21.00 MB
Current GC threshold: 124.69 MB
CDS: off
MetaspaceReclaimPolicy: balanced
 - commit_granule_bytes: 65536.
 - commit_granule_words: 8192.
 - virtual_space_node_default_size: 1048576.
 - enlarge_chunks_in_place: 1.
 - new_chunks_are_fully_committed: 0.
 - uncommit_free_chunks: 1.
 - use_allocation_guard: 0.
 - handle_deallocations: 1.


Internal statistics:

num_allocs_failed_limit: 6.
num_arena_births: 576.
num_arena_deaths: 0.
num_vsnodes_births: 10.
num_vsnodes_deaths: 0.
num_space_committed: 1272.
num_space_uncommitted: 0.
num_chunks_returned_to_freelist: 6.
num_chunks_taken_from_freelist: 3071.
num_chunk_merges: 6.
num_chunk_splits: 2352.
num_chunks_enlarged: 1934.
num_purges: 0.
num_inconsistent_stats: 0.

CodeHeap 'non-profiled nmethods': size=119168Kb used=2912Kb max_used=3048Kb free=116255Kb
 bounds [0x00000267cdab0000, 0x00000267cddb0000, 0x00000267d4f10000]
CodeHeap 'profiled nmethods': size=119104Kb used=10609Kb max_used=10609Kb free=108494Kb
 bounds [0x00000267c5f10000, 0x00000267c6970000, 0x00000267cd360000]
CodeHeap 'non-nmethods': size=7488Kb used=4052Kb max_used=4104Kb free=3436Kb
 bounds [0x00000267cd360000, 0x00000267cd770000, 0x00000267cdab0000]
 total_blobs=6123 nmethods=5227 adapters=805
 compilation: enabled
              stopped_count=0, restarted_count=0
 full_count=0

Compilation events (20 events):
Event: 7.816 Thread 0x00000267de0d3d30 nmethod 5979 0x00000267c6962910 code [0x00000267c6962c00, 0x00000267c6963d68]
Event: 7.816 Thread 0x00000267de24ae00 nmethod 5981 0x00000267c6964510 code [0x00000267c6964740, 0x00000267c6965098]
Event: 7.816 Thread 0x00000267de253340 5984       3       org.jetbrains.kotlin.incremental.UtilsKt::record (55 bytes)
Event: 7.817 Thread 0x00000267de24ae00 5985       3       org.jetbrains.kotlin.incremental.UtilsKt::recordPackageLookup (94 bytes)
Event: 7.818 Thread 0x00000267de253340 nmethod 5984 0x00000267c6965410 code [0x00000267c6965800, 0x00000267c6966f58]
Event: 7.820 Thread 0x00000267de24ae00 nmethod 5985 0x00000267c6967810 code [0x00000267c6967e60, 0x00000267c696ac88]
Event: 7.820 Thread 0x00000267dee0cad0 5986       3       kotlin.ranges.IntRange::<init> (8 bytes)
Event: 7.820 Thread 0x00000267de0d3d30 5987       3       kotlin.ranges.IntProgression::<init> (57 bytes)
Event: 7.820 Thread 0x00000267de24ae00 5988       3       kotlin.internal.ProgressionUtilKt::getProgressionLastElement (61 bytes)
Event: 7.820 Thread 0x00000267dee0cad0 nmethod 5986 0x00000267c696bd10 code [0x00000267c696bea0, 0x00000267c696bfe8]
Event: 7.820 Thread 0x00000267de0d3d30 nmethod 5987 0x00000267c696c090 code [0x00000267c696c260, 0x00000267c696c608]
Event: 7.821 Thread 0x00000267de24ae00 nmethod 5988 0x00000267c696c790 code [0x00000267c696c9a0, 0x00000267c696d248]
Event: 7.822 Thread 0x00000267de24ae00 5989       3       java.util.Arrays::binarySearch0 (72 bytes)
Event: 7.822 Thread 0x00000267e365f480 5990       4       java.util.stream.AbstractPipeline::<init> (91 bytes)
Event: 7.822 Thread 0x00000267de24ae00 nmethod 5989 0x00000267c696d590 code [0x00000267c696d740, 0x00000267c696d9d8]
Event: 7.822 Thread 0x00000267dee0cad0 5991       3       org.jetbrains.kotlin.com.intellij.util.containers.ContainerUtil::find (60 bytes)
Event: 7.823 Thread 0x00000267dee0cad0 nmethod 5991 0x00000267c696db10 code [0x00000267c696dce0, 0x00000267c696e0c8]
Event: 7.825 Thread 0x00000267dee0cad0 5992       3       org.jetbrains.kotlin.name.ClassId::getRelativeClassName (14 bytes)
Event: 7.825 Thread 0x00000267dee0cad0 nmethod 5992 0x00000267c696e290 code [0x00000267c696e440, 0x00000267c696e5c8]
Event: 7.826 Thread 0x00000267e365f480 nmethod 5990 0x00000267cdbf2190 code [0x00000267cdbf2320, 0x00000267cdbf2738]

GC Heap History (20 events):
Event: 6.001 GC heap after
{Heap after GC invocations=17 (full 0):
 garbage-first heap   total 78848K, used 43204K [0x0000000080000000, 0x0000000100000000)
  region size 1024K, 1 young (1024K), 1 survivors (1024K)
 Metaspace       used 60525K, committed 60992K, reserved 1105920K
  class space    used 8306K, committed 8512K, reserved 1048576K
}
Event: 6.137 GC heap before
{Heap before GC invocations=18 (full 0):
 garbage-first heap   total 78848K, used 56516K [0x0000000080000000, 0x0000000100000000)
  region size 1024K, 15 young (15360K), 1 survivors (1024K)
 Metaspace       used 63220K, committed 63680K, reserved 1105920K
  class space    used 8646K, committed 8832K, reserved 1048576K
}
Event: 6.140 GC heap after
{Heap after GC invocations=19 (full 0):
 garbage-first heap   total 78848K, used 43382K [0x0000000080000000, 0x0000000100000000)
  region size 1024K, 1 young (1024K), 1 survivors (1024K)
 Metaspace       used 63220K, committed 63680K, reserved 1105920K
  class space    used 8646K, committed 8832K, reserved 1048576K
}
Event: 6.240 GC heap before
{Heap before GC invocations=20 (full 0):
 garbage-first heap   total 86016K, used 67958K [0x0000000080000000, 0x0000000100000000)
  region size 1024K, 20 young (20480K), 1 survivors (1024K)
 Metaspace       used 63249K, committed 63808K, reserved 1105920K
  class space    used 8649K, committed 8896K, reserved 1048576K
}
Event: 6.243 GC heap after
{Heap after GC invocations=21 (full 0):
 garbage-first heap   total 104448K, used 55118K [0x0000000080000000, 0x0000000100000000)
  region size 1024K, 3 young (3072K), 3 survivors (3072K)
 Metaspace       used 63249K, committed 63808K, reserved 1105920K
  class space    used 8649K, committed 8896K, reserved 1048576K
}
Event: 6.502 GC heap before
{Heap before GC invocations=21 (full 0):
 garbage-first heap   total 104448K, used 77646K [0x0000000080000000, 0x0000000100000000)
  region size 1024K, 26 young (26624K), 3 survivors (3072K)
 Metaspace       used 64077K, committed 64576K, reserved 1105920K
  class space    used 8733K, committed 8960K, reserved 1048576K
}
Event: 6.507 GC heap after
{Heap after GC invocations=22 (full 0):
 garbage-first heap   total 104448K, used 53157K [0x0000000080000000, 0x0000000100000000)
  region size 1024K, 4 young (4096K), 4 survivors (4096K)
 Metaspace       used 64077K, committed 64576K, reserved 1105920K
  class space    used 8733K, committed 8960K, reserved 1048576K
}
Event: 6.738 GC heap before
{Heap before GC invocations=23 (full 0):
 garbage-first heap   total 104448K, used 76709K [0x0000000080000000, 0x0000000100000000)
  region size 1024K, 28 young (28672K), 4 survivors (4096K)
 Metaspace       used 67632K, committed 68096K, reserved 1114112K
  class space    used 9143K, committed 9344K, reserved 1048576K
}
Event: 6.743 GC heap after
{Heap after GC invocations=24 (full 0):
 garbage-first heap   total 104448K, used 55469K [0x0000000080000000, 0x0000000100000000)
  region size 1024K, 3 young (3072K), 3 survivors (3072K)
 Metaspace       used 67632K, committed 68096K, reserved 1114112K
  class space    used 9143K, committed 9344K, reserved 1048576K
}
Event: 6.758 GC heap before
{Heap before GC invocations=24 (full 0):
 garbage-first heap   total 104448K, used 55469K [0x0000000080000000, 0x0000000100000000)
  region size 1024K, 4 young (4096K), 3 survivors (3072K)
 Metaspace       used 67747K, committed 68288K, reserved 1114112K
  class space    used 9159K, committed 9408K, reserved 1048576K
}
Event: 6.760 GC heap after
{Heap after GC invocations=25 (full 0):
 garbage-first heap   total 104448K, used 55322K [0x0000000080000000, 0x0000000100000000)
  region size 1024K, 2 young (2048K), 2 survivors (2048K)
 Metaspace       used 67747K, committed 68288K, reserved 1114112K
  class space    used 9159K, committed 9408K, reserved 1048576K
}
Event: 7.026 GC heap before
{Heap before GC invocations=26 (full 0):
 garbage-first heap   total 106496K, used 85018K [0x0000000080000000, 0x0000000100000000)
  region size 1024K, 27 young (27648K), 2 survivors (2048K)
 Metaspace       used 70702K, committed 71232K, reserved 1114112K
  class space    used 9480K, committed 9728K, reserved 1048576K
}
Event: 7.028 GC heap after
{Heap after GC invocations=27 (full 0):
 garbage-first heap   total 128000K, used 62870K [0x0000000080000000, 0x0000000100000000)
  region size 1024K, 4 young (4096K), 4 survivors (4096K)
 Metaspace       used 70702K, committed 71232K, reserved 1114112K
  class space    used 9480K, committed 9728K, reserved 1048576K
}
Event: 7.043 GC heap before
{Heap before GC invocations=27 (full 0):
 garbage-first heap   total 128000K, used 63894K [0x0000000080000000, 0x0000000100000000)
  region size 1024K, 6 young (6144K), 4 survivors (4096K)
 Metaspace       used 71059K, committed 71552K, reserved 1114112K
  class space    used 9512K, committed 9728K, reserved 1048576K
}
Event: 7.045 GC heap after
{Heap after GC invocations=28 (full 0):
 garbage-first heap   total 128000K, used 62572K [0x0000000080000000, 0x0000000100000000)
  region size 1024K, 1 young (1024K), 1 survivors (1024K)
 Metaspace       used 71059K, committed 71552K, reserved 1114112K
  class space    used 9512K, committed 9728K, reserved 1048576K
}
Event: 7.401 GC heap before
{Heap before GC invocations=28 (full 0):
 garbage-first heap   total 128000K, used 95340K [0x0000000080000000, 0x0000000100000000)
  region size 1024K, 33 young (33792K), 1 survivors (1024K)
 Metaspace       used 75932K, committed 76416K, reserved 1122304K
  class space    used 9978K, committed 10176K, reserved 1048576K
}
Event: 7.403 GC heap after
{Heap after GC invocations=29 (full 0):
 garbage-first heap   total 128000K, used 64126K [0x0000000080000000, 0x0000000100000000)
  region size 1024K, 2 young (2048K), 2 survivors (2048K)
 Metaspace       used 75932K, committed 76416K, reserved 1122304K
  class space    used 9978K, committed 10176K, reserved 1048576K
}
Event: 7.797 GC heap before
{Heap before GC invocations=30 (full 0):
 garbage-first heap   total 128000K, used 97918K [0x0000000080000000, 0x0000000100000000)
  region size 1024K, 35 young (35840K), 2 survivors (2048K)
 Metaspace       used 80808K, committed 81280K, reserved 1122304K
  class space    used 10610K, committed 10816K, reserved 1048576K
}
Event: 7.801 GC heap after
{Heap after GC invocations=31 (full 0):
 garbage-first heap   total 128000K, used 66122K [0x0000000080000000, 0x0000000100000000)
  region size 1024K, 4 young (4096K), 4 survivors (4096K)
 Metaspace       used 80808K, committed 81280K, reserved 1122304K
  class space    used 10610K, committed 10816K, reserved 1048576K
}
Event: 7.835 GC heap before
{Heap before GC invocations=31 (full 0):
 garbage-first heap   total 128000K, used 68170K [0x0000000080000000, 0x0000000100000000)
  region size 1024K, 6 young (6144K), 4 survivors (4096K)
 Metaspace       used 81033K, committed 81536K, reserved 1122304K
  class space    used 10633K, committed 10880K, reserved 1048576K
}

Dll operation events (2 events):
Event: 0.016 Loaded shared library C:\Program Files\Android\Android Studio\jbr\bin\java.dll
Event: 0.452 Loaded shared library C:\Program Files\Android\Android Studio\jbr\bin\verify.dll

Deoptimization events (20 events):
Event: 7.582 Thread 0x00000267dec80d30 Uncommon trap: trap_request=0xffffffcc fr.pc=0x00000267cdbc9538 relative=0x0000000000003518
Event: 7.582 Thread 0x00000267dec80d30 Uncommon trap: reason=intrinsic_or_type_checked_inlining action=make_not_entrant pc=0x00000267cdbc9538 method=java.util.ArrayList$SubList.toArray([Ljava/lang/Object;)[Ljava/lang/Object; @ 58 c2
Event: 7.582 Thread 0x00000267dec80d30 DEOPT PACKING pc=0x00000267cdbc9538 sp=0x000000a7929f4b20
Event: 7.582 Thread 0x00000267dec80d30 DEOPT UNPACKING pc=0x00000267cd3b69a3 sp=0x000000a7929f4af8 mode 2
Event: 7.604 Thread 0x00000267dec80d30 Uncommon trap: trap_request=0xffffff45 fr.pc=0x00000267cdc1ac4c relative=0x000000000000004c
Event: 7.604 Thread 0x00000267dec80d30 Uncommon trap: reason=unstable_if action=reinterpret pc=0x00000267cdc1ac4c method=org.jetbrains.kotlin.protobuf.CodedOutputStream.computeRawVarint32Size(I)I @ 14 c2
Event: 7.604 Thread 0x00000267dec80d30 DEOPT PACKING pc=0x00000267cdc1ac4c sp=0x000000a7929f4e00
Event: 7.604 Thread 0x00000267dec80d30 DEOPT UNPACKING pc=0x00000267cd3b69a3 sp=0x000000a7929f4d98 mode 2
Event: 7.738 Thread 0x00000267dec80d30 Uncommon trap: trap_request=0xffffffdc fr.pc=0x00000267cdbc10c0 relative=0x0000000000000220
Event: 7.738 Thread 0x00000267dec80d30 Uncommon trap: reason=class_check action=make_not_entrant pc=0x00000267cdbc10c0 method=java.util.ArrayList.toArray([Ljava/lang/Object;)[Ljava/lang/Object; @ 21 c2
Event: 7.738 Thread 0x00000267dec80d30 DEOPT PACKING pc=0x00000267cdbc10c0 sp=0x000000a7929f3f10
Event: 7.738 Thread 0x00000267dec80d30 DEOPT UNPACKING pc=0x00000267cd3b69a3 sp=0x000000a7929f3ed0 mode 2
Event: 7.764 Thread 0x00000267dec80d30 Uncommon trap: trap_request=0xffffffdc fr.pc=0x00000267cdbfa150 relative=0x0000000000003270
Event: 7.764 Thread 0x00000267dec80d30 Uncommon trap: reason=class_check action=make_not_entrant pc=0x00000267cdbfa150 method=java.util.ArrayList.toArray([Ljava/lang/Object;)[Ljava/lang/Object; @ 21 c2
Event: 7.764 Thread 0x00000267dec80d30 DEOPT PACKING pc=0x00000267cdbfa150 sp=0x000000a7929f2070
Event: 7.764 Thread 0x00000267dec80d30 DEOPT UNPACKING pc=0x00000267cd3b69a3 sp=0x000000a7929f1f30 mode 2
Event: 7.813 Thread 0x00000267dec80d30 Uncommon trap: trap_request=0xffffff45 fr.pc=0x00000267cdbc4e64 relative=0x00000000000000c4
Event: 7.813 Thread 0x00000267dec80d30 Uncommon trap: reason=unstable_if action=reinterpret pc=0x00000267cdbc4e64 method=java.text.StringCharacterIterator.current()C @ 19 c2
Event: 7.813 Thread 0x00000267dec80d30 DEOPT PACKING pc=0x00000267cdbc4e64 sp=0x000000a7929f2fd0
Event: 7.813 Thread 0x00000267dec80d30 DEOPT UNPACKING pc=0x00000267cd3b69a3 sp=0x000000a7929f2f68 mode 2

Classes unloaded (0 events):
No events

Classes redefined (0 events):
No events

Internal exceptions (20 events):
Event: 4.970 Thread 0x00000267dec80d30 Exception <a 'java/lang/NoSuchMethodError'{0x000000008cc9a350}: 'void java.lang.invoke.DelegatingMethodHandle$Holder.reinvoke_L(java.lang.Object, java.lang.Object, java.lang.Object, long, java.lang.Object)'> (0x000000008cc9a350) 
thrown [s\src\hotspot\share\interpreter\linkResolver.cpp, line 771]
Event: 4.970 Thread 0x00000267dec80d30 Exception <a 'java/lang/NoSuchMethodError'{0x000000008cca2730}: 'java.lang.Object java.lang.invoke.DirectMethodHandle$Holder.invokeSpecial(java.lang.Object, java.lang.Object, java.lang.Object, java.lang.Object, long)'> (0x000000008cca2730) 
thrown [s\src\hotspot\share\interpreter\linkResolver.cpp, line 771]
Event: 4.971 Thread 0x00000267dec80d30 Exception <a 'java/lang/NoSuchMethodError'{0x000000008cccc760}: 'long java.lang.invoke.Invokers$Holder.invoke_MT(java.lang.Object, java.lang.Object, java.lang.Object, java.lang.Object)'> (0x000000008cccc760) 
thrown [s\src\hotspot\share\interpreter\linkResolver.cpp, line 771]
Event: 4.972 Thread 0x00000267dec80d30 Exception <a 'java/lang/NoSuchMethodError'{0x000000008ccd55b8}: 'int java.lang.invoke.Invokers$Holder.invoke_MT(java.lang.Object, java.lang.Object, java.lang.Object, java.lang.Object)'> (0x000000008ccd55b8) 
thrown [s\src\hotspot\share\interpreter\linkResolver.cpp, line 771]
Event: 4.973 Thread 0x00000267dec80d30 Exception <a 'java/lang/NoSuchMethodError'{0x000000008cce6ae0}: 'int java.lang.invoke.DelegatingMethodHandle$Holder.reinvoke_L(java.lang.Object, java.lang.Object, java.lang.Object, long, int)'> (0x000000008cce6ae0) 
thrown [s\src\hotspot\share\interpreter\linkResolver.cpp, line 771]
Event: 4.974 Thread 0x00000267dec80d30 Exception <a 'java/lang/NoSuchMethodError'{0x000000008ccf94f8}: 'java.lang.Object java.lang.invoke.Invokers$Holder.invokeExact_MT(java.lang.Object, java.lang.Object, long, java.lang.Object)'> (0x000000008ccf94f8) 
thrown [s\src\hotspot\share\interpreter\linkResolver.cpp, line 771]
Event: 5.641 Thread 0x00000267dec80d30 Exception <a 'java/lang/NoSuchMethodError'{0x0000000083f57488}: 'long java.lang.invoke.DirectMethodHandle$Holder.invokeStatic(java.lang.Object)'> (0x0000000083f57488) 
thrown [s\src\hotspot\share\interpreter\linkResolver.cpp, line 771]
Event: 5.642 Thread 0x00000267dec80d30 Exception <a 'java/lang/NoSuchMethodError'{0x0000000083f5c070}: 'long java.lang.invoke.DirectMethodHandle$Holder.invokeStaticInit(java.lang.Object)'> (0x0000000083f5c070) 
thrown [s\src\hotspot\share\interpreter\linkResolver.cpp, line 771]
Event: 5.765 Thread 0x00000267dec80d30 Implicit null exception at 0x00000267cdc9db0c to 0x00000267cdc9dc42
Event: 5.985 Thread 0x00000267dec80d30 Exception <a 'java/lang/NoSuchMethodError'{0x0000000083c38f88}: 'void java.lang.invoke.DirectMethodHandle$Holder.invokeVirtual(java.lang.Object, java.lang.Object)'> (0x0000000083c38f88) 
thrown [s\src\hotspot\share\interpreter\linkResolver.cpp, line 771]
Event: 6.121 Thread 0x00000267dec80d30 Exception <a 'java/lang/NoSuchMethodError'{0x000000008402be60}: 'java.lang.Object java.lang.invoke.Invokers$Holder.invoke_MT(java.lang.Object, java.lang.Object, java.lang.Object)'> (0x000000008402be60) 
thrown [s\src\hotspot\share\interpreter\linkResolver.cpp, line 771]
Event: 6.288 Thread 0x00000267dec80d30 Implicit null exception at 0x00000267cdda0036 to 0x00000267cdda0ef0
Event: 6.298 Thread 0x00000267dec80d30 Implicit null exception at 0x00000267cdda7377 to 0x00000267cdda9174
Event: 6.301 Thread 0x00000267dec80d30 Implicit null exception at 0x00000267cdda357b to 0x00000267cdda4bd0
Event: 7.396 Thread 0x00000267dec80d30 Implicit null exception at 0x00000267cdc638ec to 0x00000267cdc63994
Event: 7.655 Thread 0x00000267dec80d30 Exception <a 'java/lang/NoSuchMethodError'{0x0000000086965dc8}: 'java.lang.Object java.lang.invoke.DirectMethodHandle$Holder.newInvokeSpecial(java.lang.Object, java.lang.Object, int)'> (0x0000000086965dc8) 
thrown [s\src\hotspot\share\interpreter\linkResolver.cpp, line 771]
Event: 7.747 Thread 0x00000267dec80d30 Exception <a 'java/lang/NoSuchMethodError'{0x0000000085f38208}: 'java.lang.Object java.lang.invoke.DirectMethodHandle$Holder.invokeStatic(java.lang.Object, java.lang.Object, java.lang.Object, java.lang.Object, int)'> (0x0000000085f38208) 
thrown [s\src\hotspot\share\interpreter\linkResolver.cpp, line 771]
Event: 7.747 Thread 0x00000267dec80d30 Exception <a 'java/lang/NoSuchMethodError'{0x0000000085f43188}: 'java.lang.Object java.lang.invoke.DirectMethodHandle$Holder.newInvokeSpecial(java.lang.Object, java.lang.Object, java.lang.Object, java.lang.Object, int)'> (0x0000000085f43188) 
thrown [s\src\hotspot\share\interpreter\linkResolver.cpp, line 771]
Event: 7.747 Thread 0x00000267dec80d30 Exception <a 'java/lang/NoSuchMethodError'{0x0000000085f48f50}: 'java.lang.Object java.lang.invoke.DirectMethodHandle$Holder.invokeSpecial(java.lang.Object, java.lang.Object, java.lang.Object, java.lang.Object, java.lang.Object, int)'> (0x0000000085f48f50) 
thrown [s\src\hotspot\share\interpreter\linkResolver.cpp, line 771]
Event: 7.748 Thread 0x00000267dec80d30 Exception <a 'java/lang/NoSuchMethodError'{0x0000000085f4e6c8}: 'java.lang.Object java.lang.invoke.Invokers$Holder.linkToTargetMethod(java.lang.Object, java.lang.Object, java.lang.Object, int, java.lang.Object)'> (0x0000000085f4e6c8) 
thrown [s\src\hotspot\share\interpreter\linkResolver.cpp, line 771]

VM Operations (20 events):
Event: 7.374 Executing VM operation: HandshakeAllThreads done
Event: 7.386 Executing VM operation: HandshakeAllThreads
Event: 7.386 Executing VM operation: HandshakeAllThreads done
Event: 7.401 Executing VM operation: G1CollectForAllocation
Event: 7.403 Executing VM operation: G1CollectForAllocation done
Event: 7.421 Executing VM operation: G1Concurrent
Event: 7.425 Executing VM operation: G1Concurrent done
Event: 7.435 Executing VM operation: G1Concurrent
Event: 7.435 Executing VM operation: G1Concurrent done
Event: 7.458 Executing VM operation: HandshakeAllThreads
Event: 7.458 Executing VM operation: HandshakeAllThreads done
Event: 7.733 Executing VM operation: HandshakeAllThreads
Event: 7.733 Executing VM operation: HandshakeAllThreads done
Event: 7.735 Executing VM operation: HandshakeAllThreads
Event: 7.735 Executing VM operation: HandshakeAllThreads done
Event: 7.746 Executing VM operation: HandshakeAllThreads
Event: 7.746 Executing VM operation: HandshakeAllThreads done
Event: 7.796 Executing VM operation: G1CollectForAllocation
Event: 7.801 Executing VM operation: G1CollectForAllocation done
Event: 7.835 Executing VM operation: G1CollectForAllocation

Events (20 events):
Event: 7.373 loading class java/util/ArrayList$ListItr
Event: 7.374 loading class java/util/ArrayList$ListItr done
Event: 7.491 Thread 0x00000267e365f990 Thread added: 0x00000267e365f990
Event: 7.499 Thread 0x00000267e36603b0 Thread added: 0x00000267e36603b0
Event: 7.588 loading class java/text/StringCharacterIterator
Event: 7.589 loading class java/text/CharacterIterator
Event: 7.589 loading class java/text/CharacterIterator done
Event: 7.589 loading class java/text/StringCharacterIterator done
Event: 7.610 loading class java/io/NotSerializableException
Event: 7.610 loading class java/io/NotSerializableException done
Event: 7.713 loading class java/util/function/IntUnaryOperator
Event: 7.713 loading class java/util/function/IntUnaryOperator done
Event: 7.734 loading class java/util/AbstractList$SubList
Event: 7.734 loading class java/util/AbstractList$SubList done
Event: 7.734 loading class java/util/AbstractList$SubList$1
Event: 7.734 loading class java/util/AbstractList$SubList$1 done
Event: 7.734 loading class java/util/AbstractList$ListItr
Event: 7.734 loading class java/util/AbstractList$ListItr done
Event: 7.760 Thread 0x00000267e365f990 Thread exited: 0x00000267e365f990
Event: 7.760 Thread 0x00000267e36603b0 Thread exited: 0x00000267e36603b0


Dynamic libraries:
0x00007ff74a300000 - 0x00007ff74a30a000 	C:\Program Files\Android\Android Studio\jbr\bin\java.exe
0x00007ffcd9f90000 - 0x00007ffcda1a7000 	C:\WINDOWS\SYSTEM32\ntdll.dll
0x00007ffcd8400000 - 0x00007ffcd84c4000 	C:\WINDOWS\System32\KERNEL32.DLL
0x00007ffcd7390000 - 0x00007ffcd7736000 	C:\WINDOWS\System32\KERNELBASE.dll
0x00007ffcd77b0000 - 0x00007ffcd78c1000 	C:\WINDOWS\System32\ucrtbase.dll
0x00007ffcbffe0000 - 0x00007ffcbfff7000 	C:\Program Files\Android\Android Studio\jbr\bin\jli.dll
0x00007ffcbb210000 - 0x00007ffcbb22b000 	C:\Program Files\Android\Android Studio\jbr\bin\VCRUNTIME140.dll
0x00007ffcd7ce0000 - 0x00007ffcd7e8e000 	C:\WINDOWS\System32\USER32.dll
0x00007ffcd79a0000 - 0x00007ffcd79c6000 	C:\WINDOWS\System32\win32u.dll
0x00007ffca6150000 - 0x00007ffca63e3000 	C:\WINDOWS\WinSxS\amd64_microsoft.windows.common-controls_6595b64144ccf1df_6.0.22621.2506_none_270c5ae97388e100\COMCTL32.dll
0x00007ffcd84d0000 - 0x00007ffcd84f9000 	C:\WINDOWS\System32\GDI32.dll
0x00007ffcd7f40000 - 0x00007ffcd7fe7000 	C:\WINDOWS\System32\msvcrt.dll
0x00007ffcd7a50000 - 0x00007ffcd7b68000 	C:\WINDOWS\System32\gdi32full.dll
0x00007ffcd7900000 - 0x00007ffcd799a000 	C:\WINDOWS\System32\msvcp_win.dll
0x00007ffcd8000000 - 0x00007ffcd8031000 	C:\WINDOWS\System32\IMM32.DLL
0x00007ffcc5b80000 - 0x00007ffcc5b8c000 	C:\Program Files\Android\Android Studio\jbr\bin\vcruntime140_1.dll
0x00007ffc9e6b0000 - 0x00007ffc9e73d000 	C:\Program Files\Android\Android Studio\jbr\bin\msvcp140.dll
0x00007ffca7f40000 - 0x00007ffca8bae000 	C:\Program Files\Android\Android Studio\jbr\bin\server\jvm.dll
0x00007ffcd89f0000 - 0x00007ffcd8aa3000 	C:\WINDOWS\System32\ADVAPI32.dll
0x00007ffcd7e90000 - 0x00007ffcd7f38000 	C:\WINDOWS\System32\sechost.dll
0x00007ffcd78d0000 - 0x00007ffcd78f8000 	C:\WINDOWS\System32\bcrypt.dll
0x00007ffcd8040000 - 0x00007ffcd8157000 	C:\WINDOWS\System32\RPCRT4.dll
0x00007ffcb15e0000 - 0x00007ffcb15e9000 	C:\WINDOWS\SYSTEM32\WSOCK32.dll
0x00007ffcc82e0000 - 0x00007ffcc82ea000 	C:\WINDOWS\SYSTEM32\VERSION.dll
0x00007ffccbc20000 - 0x00007ffccbc54000 	C:\WINDOWS\SYSTEM32\WINMM.dll
0x00007ffcd8500000 - 0x00007ffcd8571000 	C:\WINDOWS\System32\WS2_32.dll
0x00007ffcd63f0000 - 0x00007ffcd6408000 	C:\WINDOWS\SYSTEM32\kernel.appcore.dll
0x00007ffcd1a90000 - 0x00007ffcd1a9a000 	C:\Program Files\Android\Android Studio\jbr\bin\jimage.dll
0x00007ffcd4a00000 - 0x00007ffcd4c33000 	C:\WINDOWS\SYSTEM32\DBGHELP.DLL
0x00007ffcd8660000 - 0x00007ffcd89e9000 	C:\WINDOWS\System32\combase.dll
0x00007ffcd8580000 - 0x00007ffcd8657000 	C:\WINDOWS\System32\OLEAUT32.dll
0x00007ffcc8210000 - 0x00007ffcc8242000 	C:\WINDOWS\SYSTEM32\dbgcore.DLL
0x00007ffcd79d0000 - 0x00007ffcd7a4a000 	C:\WINDOWS\System32\bcryptPrimitives.dll
0x00007ffcc69b0000 - 0x00007ffcc69d5000 	C:\Program Files\Android\Android Studio\jbr\bin\java.dll
0x00007ffcc5b60000 - 0x00007ffcc5b78000 	C:\Program Files\Android\Android Studio\jbr\bin\zip.dll
0x00007ffcd8d20000 - 0x00007ffcd957a000 	C:\WINDOWS\System32\SHELL32.dll
0x00007ffcd51f0000 - 0x00007ffcd5ae6000 	C:\WINDOWS\SYSTEM32\windows.storage.dll
0x00007ffcd50b0000 - 0x00007ffcd51ee000 	C:\WINDOWS\SYSTEM32\wintypes.dll
0x00007ffcd8c00000 - 0x00007ffcd8cf3000 	C:\WINDOWS\System32\SHCORE.dll
0x00007ffcd8380000 - 0x00007ffcd83de000 	C:\WINDOWS\System32\shlwapi.dll
0x00007ffcd7200000 - 0x00007ffcd7226000 	C:\WINDOWS\SYSTEM32\profapi.dll
0x00007ffcc5a90000 - 0x00007ffcc5aa9000 	C:\Program Files\Android\Android Studio\jbr\bin\net.dll
0x00007ffcd0d50000 - 0x00007ffcd0e87000 	C:\WINDOWS\SYSTEM32\WINHTTP.dll
0x00007ffcd6870000 - 0x00007ffcd68d9000 	C:\WINDOWS\system32\mswsock.dll
0x00007ffcc01a0000 - 0x00007ffcc01b6000 	C:\Program Files\Android\Android Studio\jbr\bin\nio.dll
0x00007ffcc7e40000 - 0x00007ffcc7e50000 	C:\Program Files\Android\Android Studio\jbr\bin\verify.dll
0x00007ffcbb840000 - 0x00007ffcbb867000 	C:\Users\shjin\.gradle\native\68d5fa5c4cc2d200863cafc0d521ce42e7d3e7ee720ec0a83991735586a16f82\windows-amd64\native-platform.dll
0x00007ffc79e20000 - 0x00007ffc79f64000 	C:\Users\shjin\.gradle\native\e376f236ea51e6404a007f0833ffe2c6e607c4080706a723a18a27aeea778392\windows-amd64\native-platform-file-events.dll
0x00007ffcc6fa0000 - 0x00007ffcc6fa9000 	C:\Program Files\Android\Android Studio\jbr\bin\management.dll
0x00007ffcc63e0000 - 0x00007ffcc63eb000 	C:\Program Files\Android\Android Studio\jbr\bin\management_ext.dll
0x00007ffcd7ff0000 - 0x00007ffcd7ff8000 	C:\WINDOWS\System32\PSAPI.DLL
0x00007ffcd6ac0000 - 0x00007ffcd6adb000 	C:\WINDOWS\SYSTEM32\CRYPTSP.dll
0x00007ffcd6350000 - 0x00007ffcd6385000 	C:\WINDOWS\system32\rsaenh.dll
0x00007ffcd6960000 - 0x00007ffcd698c000 	C:\WINDOWS\SYSTEM32\USERENV.dll
0x00007ffcd6ae0000 - 0x00007ffcd6aec000 	C:\WINDOWS\SYSTEM32\CRYPTBASE.dll
0x00007ffcd5df0000 - 0x00007ffcd5e1d000 	C:\WINDOWS\SYSTEM32\IPHLPAPI.DLL
0x00007ffcd83f0000 - 0x00007ffcd83f9000 	C:\WINDOWS\System32\NSI.dll
0x00007ffcd0c00000 - 0x00007ffcd0c19000 	C:\WINDOWS\SYSTEM32\dhcpcsvc6.DLL
0x00007ffcd0a50000 - 0x00007ffcd0a6f000 	C:\WINDOWS\SYSTEM32\dhcpcsvc.DLL
0x00007ffcd5e60000 - 0x00007ffcd5f59000 	C:\WINDOWS\SYSTEM32\DNSAPI.dll
0x00007ffc9bd30000 - 0x00007ffc9bd38000 	C:\WINDOWS\system32\wshunix.dll

dbghelp: loaded successfully - version: 4.0.5 - missing functions: none
symbol engine: initialized successfully - sym options: 0x614 - pdb path: .;C:\Program Files\Android\Android Studio\jbr\bin;C:\WINDOWS\SYSTEM32;C:\WINDOWS\WinSxS\amd64_microsoft.windows.common-controls_6595b64144ccf1df_6.0.22621.2506_none_270c5ae97388e100;C:\Program Files\Android\Android Studio\jbr\bin\server;C:\Users\shjin\.gradle\native\68d5fa5c4cc2d200863cafc0d521ce42e7d3e7ee720ec0a83991735586a16f82\windows-amd64;C:\Users\shjin\.gradle\native\e376f236ea51e6404a007f0833ffe2c6e607c4080706a723a18a27aeea778392\windows-amd64

VM Arguments:
jvm_args: --add-opens=java.base/java.util=ALL-UNNAMED --add-opens=java.base/java.lang=ALL-UNNAMED --add-opens=java.base/java.lang.invoke=ALL-UNNAMED --add-opens=java.prefs/java.util.prefs=ALL-UNNAMED --add-opens=java.base/java.nio.charset=ALL-UNNAMED --add-opens=java.base/java.net=ALL-UNNAMED --add-opens=java.base/java.util.concurrent.atomic=ALL-UNNAMED -Xmx2048m -Dfile.encoding=UTF-8 -Duser.country=KR -Duser.language=ko -Duser.variant 
java_command: org.gradle.launcher.daemon.bootstrap.GradleDaemon 8.0
java_class_path (initial): C:\Users\shjin\.gradle\wrapper\dists\gradle-8.0-bin\ca5e32bp14vu59qr306oxotwh\gradle-8.0\lib\gradle-launcher-8.0.jar
Launcher Type: SUN_STANDARD

[Global flags]
     intx CICompilerCount                          = 12                                        {product} {ergonomic}
     uint ConcGCThreads                            = 3                                         {product} {ergonomic}
     uint G1ConcRefinementThreads                  = 13                                        {product} {ergonomic}
   size_t G1HeapRegionSize                         = 1048576                                   {product} {ergonomic}
    uintx GCDrainStackTargetSize                   = 64                                        {product} {ergonomic}
   size_t InitialHeapSize                          = 264241152                                 {product} {ergonomic}
   size_t MarkStackSize                            = 4194304                                   {product} {ergonomic}
   size_t MaxHeapSize                              = 2147483648                                {product} {command line}
   size_t MaxNewSize                               = 1287651328                                {product} {ergonomic}
   size_t MinHeapDeltaBytes                        = 1048576                                   {product} {ergonomic}
   size_t MinHeapSize                              = 8388608                                   {product} {ergonomic}
    uintx NonNMethodCodeHeapSize                   = 7602480                                {pd product} {ergonomic}
    uintx NonProfiledCodeHeapSize                  = 122027880                              {pd product} {ergonomic}
    uintx ProfiledCodeHeapSize                     = 122027880                              {pd product} {ergonomic}
    uintx ReservedCodeCacheSize                    = 251658240                              {pd product} {ergonomic}
     bool SegmentedCodeCache                       = true                                      {product} {ergonomic}
   size_t SoftMaxHeapSize                          = 2147483648                             {manageable} {ergonomic}
     bool UseCompressedClassPointers               = true                           {product lp64_product} {ergonomic}
     bool UseCompressedOops                        = true                           {product lp64_product} {ergonomic}
     bool UseG1GC                                  = true                                      {product} {ergonomic}
     bool UseLargePagesIndividualAllocation        = false                                  {pd product} {ergonomic}

Logging:
Log output configuration:
 #0: stdout all=warning uptime,level,tags
 #1: stderr all=off uptime,level,tags

Environment Variables:
JAVA_HOME=C:\Program Files\Java\jdk-21
CLASSPATH=C:\Program Files\Java\jdk-21\lib;.
PATH=C:\Program Files\Common Files\Oracle\Java\javapath;C:\Users\shjin\AppData\Local\Android\Sdk\tools;C:\Users\shjin\AppData\Local\Android\Sdk\platform-tools;C:\Program Files (x86)\VMware\VMware Player\bin\;C:\Python311\Scripts\;C:\Python311\;C:\app\shjin\product\21c\dbhomeXE\bin;C:\Program Files\Java\jdk-21\bin;C:\Program Files (x86)\Common Files\Oracle\Java\javapath;C:\Program Files\mosquitto;C:\Program Files\Microsoft\jdk-11.0.12.7-hotspot\bin;C:\Windows\system32;C:\Windows;C:\Windows\System32\Wbem;C:\Windows\System32\WindowsPowerShell\v1.0\;C:\Windows\System32\OpenSSH\;C:\Program Files\dotnet\;C:\Program Files (x86)\PuTTY\;C:\Program Files\PuTTY\;C:\WINDOWS\system32;C:\WINDOWS;C:\WINDOWS\System32\Wbem;C:\WINDOWS\System32\WindowsPowerShell\v1.0\;C:\WINDOWS\System32\OpenSSH\;C:\Program Files\nodejs\;C:\ProgramData\chocolatey\bin;C:\Program Files\Git\cmd;C:\Users\shjin\AppData\Local\Microsoft\WindowsApps;C:\Users\shjin\.dotnet\tools;C:\Users\shjin\AppData\Local\Programs\Microsoft VS Code\bin;C:\Users\shjin\AppData\Roaming\npm;C:\Program Files\Graphviz\bin;C:\Users\shjin\AppData\Local\GitHubDesktop\bin;C:\Program Files\JetBrains\IntelliJ IDEA Community Edition 2023.2.1\bin;;C:\flutter\bin;
USERNAME=shjin
OS=Windows_NT
PROCESSOR_IDENTIFIER=Intel64 Family 6 Model 154 Stepping 3, GenuineIntel
TMP=C:\Users\shjin\AppData\Local\Temp
TEMP=C:\Users\shjin\AppData\Local\Temp


JNI global refs:
JNI global refs: 32, weak refs: 0

JNI global refs memory usage: 843, weak refs: 841


---------------  S Y S T E M  ---------------

OS:
 Windows 11 , 64 bit Build 22621 (10.0.22621.2506)
OS uptime: 0 days 16:42 hours
Hyper-V role detected

CPU: total 16 (initial active 16) (8 cores per cpu, 2 threads per core) family 6 model 154 stepping 3 microcode 0x423, cx8, cmov, fxsr, ht, mmx, 3dnowpref, sse, sse2, sse3, ssse3, sse4.1, sse4.2, popcnt, lzcnt, tsc, tscinvbit, avx, avx2, aes, erms, clmul, bmi1, bmi2, adx, sha, fma, vzeroupper, clflush, clflushopt, clwb, hv

Memory: 4k page, system-wide physical 16010M (2679M free)
TotalPageFile size 20010M (AvailPageFile size 43M)
current process WorkingSet (physical memory assigned to process): 342M, peak: 342M
current process commit charge ("private bytes"): 385M, peak: 432M

vm_info: OpenJDK 64-Bit Server VM (17.0.6+0-b2043.56-10027231) for windows-amd64 JRE (17.0.6+0-b2043.56-10027231), built on Apr 28 2023 00:43:19 by "androidbuild" with MS VC++ 16.10 / 16.11 (VS2019)

END.
